<?xml version="1.0" encoding="UTF-8"?>
<testng-results ignored="0" total="1" passed="1" failed="0" skipped="0">
  <reporter-output>
  </reporter-output>
  <suite started-at="2024-04-20T12:44:48 IST" name="Default suite" finished-at="2024-04-20T12:45:00 IST" duration-ms="11709">
    <groups>
    </groups>
    <test started-at="2024-04-20T12:44:48 IST" name="Default test" finished-at="2024-04-20T12:45:00 IST" duration-ms="11709">
      <class name="RegisterTestCases.java.RegisterTestCases">
        <test-method is-config="true" signature="LaunchBrowserAndUrl()[pri:0, instance:RegisterTestCases.java.RegisterTestCases@28f2a10f]" started-at="2024-04-20T12:44:48 IST" name="LaunchBrowserAndUrl" finished-at="2024-04-20T12:44:53 IST" duration-ms="4749" status="PASS">
          <reporter-output>
          </reporter-output>
        </test-method> <!-- LaunchBrowserAndUrl -->
        <test-method signature="VerifyRegister()[pri:0, instance:RegisterTestCases.java.RegisterTestCases@28f2a10f]" started-at="2024-04-20T12:44:53 IST" name="VerifyRegister" finished-at="2024-04-20T12:45:00 IST" duration-ms="6693" status="PASS">
          <reporter-output>
          </reporter-output>
        </test-method> <!-- VerifyRegister -->
        <test-method is-config="true" signature="CloseBrowser()[pri:0, instance:RegisterTestCases.java.RegisterTestCases@28f2a10f]" started-at="2024-04-20T12:45:00 IST" name="CloseBrowser" finished-at="2024-04-20T12:45:00 IST" duration-ms="232" status="PASS">
          <reporter-output>
          </reporter-output>
        </test-method> <!-- CloseBrowser -->
      </class> <!-- RegisterTestCases.java.RegisterTestCases -->
    </test> <!-- Default test -->
  </suite> <!-- Default suite -->
</testng-results>
