<?xml version="1.0" encoding="UTF-8"?>
<!-- Generated by org.testng.reporters.JUnitXMLReporter -->
<testsuite ignored="0" hostname="DESKTOP-5H40G25" failures="0" tests="3" name="Test" time="56.098" errors="0" timestamp="2024-04-20T12:38:19 IST">
  <testcase classname="logintestcases.java.LoginTestCases" name="VerifyLogin" time="1.956"/>
  <testcase classname="RegisterTestCases.java.RegisterTestCases" name="VerifyRegister" time="12.991"/>
  <testcase classname="SearchTestCases.java.SearchTestCases" name="search" time="4.085"/>
</testsuite> <!-- Test -->
